[debug] [2025-01-25T18:32:08.903Z] ----------------------------------------------------------------------
[debug] [2025-01-25T18:32:08.910Z] Command:       C:\Program Files\nodejs\node.exe C:\Users\91639\AppData\Roaming\npm\node_modules\firebase-tools\lib\bin\firebase.js init
[debug] [2025-01-25T18:32:08.911Z] CLI Version:   13.29.2
[debug] [2025-01-25T18:32:08.912Z] Platform:      win32
[debug] [2025-01-25T18:32:08.912Z] Node Version:  v20.11.0
[debug] [2025-01-25T18:32:08.912Z] Time:          Sun Jan 26 2025 00:02:08 GMT+0530 (India Standard Time)
[debug] [2025-01-25T18:32:08.912Z] ----------------------------------------------------------------------
[debug] 
[debug] [2025-01-25T18:32:08.923Z] > command requires scopes: ["email","openid","https://www.googleapis.com/auth/cloudplatformprojects.readonly","https://www.googleapis.com/auth/firebase","https://www.googleapis.com/auth/cloud-platform"]
[debug] [2025-01-25T18:32:08.923Z] > authorizing via signed-in user (ayushsahuji601@gmail.com)
[info] 
     ######## #### ########  ######## ########     ###     ######  ########
     ##        ##  ##     ## ##       ##     ##  ##   ##  ##       ##
     ######    ##  ########  ######   ########  #########  ######  ######
     ##        ##  ##    ##  ##       ##     ## ##     ##       ## ##
     ##       #### ##     ## ######## ########  ##     ##  ######  ########

You're about to initialize a Firebase project in this directory:

  D:\restro\grilli

[info] 
=== Project Setup
[info] 
[info] First, let's associate this project directory with a Firebase project.
[info] You can create multiple project aliases by running firebase use --add, 
[info] but for now we'll just set up a default project.
[info] 
[debug] [2025-01-25T18:32:33.508Z] Checked if tokens are valid: true, expires at: 1737833438499
[debug] [2025-01-25T18:32:33.509Z] Checked if tokens are valid: true, expires at: 1737833438499
[debug] [2025-01-25T18:32:33.511Z] >>> [apiv2][query] GET https://firebase.googleapis.com/v1beta1/projects pageSize=100
[debug] [2025-01-25T18:32:34.551Z] <<< [apiv2][status] GET https://firebase.googleapis.com/v1beta1/projects 200
[debug] [2025-01-25T18:32:34.552Z] <<< [apiv2][body] GET https://firebase.googleapis.com/v1beta1/projects [omitted]
[info] i  Using project naughty-tandoors (Naughty Tandoors) 
[info] 
=== Hosting Setup
[debug] [2025-01-25T18:32:36.385Z] Checked if tokens are valid: true, expires at: 1737833438499
[debug] [2025-01-25T18:32:36.385Z] Checked if tokens are valid: true, expires at: 1737833438499
[debug] [2025-01-25T18:32:36.386Z] >>> [apiv2][query] GET https://firebase.googleapis.com/v1beta1/projects/naughty-tandoors [none]
[debug] [2025-01-25T18:32:36.992Z] <<< [apiv2][status] GET https://firebase.googleapis.com/v1beta1/projects/naughty-tandoors 200
[debug] [2025-01-25T18:32:36.992Z] <<< [apiv2][body] GET https://firebase.googleapis.com/v1beta1/projects/naughty-tandoors {"projectId":"naughty-tandoors","projectNumber":"349714571860","displayName":"Naughty Tandoors","name":"projects/naughty-tandoors","resources":{"hostingSite":"naughty-tandoors"},"state":"ACTIVE","etag":"1_bbe987b3-fddf-4b75-88a4-e972044f1f11"}
[info] 
[info] Your public directory is the folder (relative to your project directory) that
[info] will contain Hosting assets to be uploaded with firebase deploy. If you
[info] have a build process for your assets, use your build's output directory.
[info] 
[debug] [2025-01-25T18:33:07.068Z] >>> [apiv2][query] GET https://www.gstatic.com/firebasejs/releases.json [none]
[debug] [2025-01-25T18:33:07.223Z] <<< [apiv2][status] GET https://www.gstatic.com/firebasejs/releases.json 200
[debug] [2025-01-25T18:33:07.223Z] <<< [apiv2][body] GET https://www.gstatic.com/firebasejs/releases.json {"current":{"version":"11.2.0","browserURL":"https://www.gstatic.com/firebasejs/11.2.0/firebase.js","packageURL":"https://www.gstatic.com/firebasejs/11.2.0/firebase.tgz"},"live":{"version":"11.2","browserURL":"https://www.gstatic.com/firebasejs/live/11.2/firebase.js","packageURL":"https://www.gstatic.com/firebasejs/live/11.2/firebase.tgz"},"components":{"analytics":"https://www.gstatic.com/firebasejs/11.2.0/firebase-analytics.js","app":"https://www.gstatic.com/firebasejs/11.2.0/firebase-app.js","app-check":"https://www.gstatic.com/firebasejs/11.2.0/firebase-app-check.js","auth":"https://www.gstatic.com/firebasejs/11.2.0/firebase-auth.js","auth/cordova":"https://www.gstatic.com/firebasejs/11.2.0/firebase-auth/cordova.js","auth/web-extension":"https://www.gstatic.com/firebasejs/11.2.0/firebase-auth/web-extension.js","functions":"https://www.gstatic.com/firebasejs/11.2.0/firebase-functions.js","firestore":"https://www.gstatic.com/firebasejs/11.2.0/firebase-firestore.js","firestore/lite":"https://www.gstatic.com/firebasejs/11.2.0/firebase-firestore/lite.js","installations":"https://www.gstatic.com/firebasejs/11.2.0/firebase-installations.js","storage":"https://www.gstatic.com/firebasejs/11.2.0/firebase-storage.js","performance":"https://www.gstatic.com/firebasejs/11.2.0/firebase-performance.js","remote-config":"https://www.gstatic.com/firebasejs/11.2.0/firebase-remote-config.js","messaging":"https://www.gstatic.com/firebasejs/11.2.0/firebase-messaging.js","messaging/sw":"https://www.gstatic.com/firebasejs/11.2.0/firebase-messaging/sw.js","database":"https://www.gstatic.com/firebasejs/11.2.0/firebase-database.js","vertexai":"https://www.gstatic.com/firebasejs/11.2.0/firebase-vertexai.js","data-connect":"https://www.gstatic.com/firebasejs/11.2.0/firebase-data-connect.js","firestore.memory":"https://www.gstatic.com/firebasejs/11.2.0/firebase-firestore.memory.js"}}
[info] +  Wrote y/index.html 
[info] 
[info] i  Detected a .git folder at D:\restro\grilli 
[info] i  Authorizing with GitHub to upload your service account to a GitHub repository's secrets store. 
[info] 
[info] Visit this URL on this device to log in:
[info] https://github.com/login/oauth/authorize?client_id=89cf50f02ac6aaed3484&state=69521509&redirect_uri=http%3A%2F%2Flocalhost%3A9005&scope=read%3Auser%20repo%20public_repo
[info] 
[info] Waiting for authentication...
[debug] [2025-01-25T18:33:08.333Z] >>> [apiv2][query] POST https://github.com/login/oauth/access_token [none]
[debug] [2025-01-25T18:33:08.334Z] >>> [apiv2][body] POST https://github.com/login/oauth/access_token [stream]
[debug] [2025-01-25T18:33:08.893Z] <<< [apiv2][status] POST https://github.com/login/oauth/access_token 200
[debug] [2025-01-25T18:33:08.893Z] <<< [apiv2][body] POST https://github.com/login/oauth/access_token {"access_token":"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","token_type":"bearer","scope":"read:user,repo"}
[debug] [2025-01-25T18:33:08.904Z] >>> [apiv2][query] GET https://api.github.com/user [none]
[debug] [2025-01-25T18:33:09.365Z] <<< [apiv2][status] GET https://api.github.com/user 200
[debug] [2025-01-25T18:33:09.366Z] <<< [apiv2][body] GET https://api.github.com/user {"login":"ayushmansahu601","id":122689198,"node_id":"U_kgDOB1AWrg","avatar_url":"https://avatars.githubusercontent.com/u/122689198?v=4","gravatar_id":"","url":"https://api.github.com/users/ayushmansahu601","html_url":"https://github.com/ayushmansahu601","followers_url":"https://api.github.com/users/ayushmansahu601/followers","following_url":"https://api.github.com/users/ayushmansahu601/following{/other_user}","gists_url":"https://api.github.com/users/ayushmansahu601/gists{/gist_id}","starred_url":"https://api.github.com/users/ayushmansahu601/starred{/owner}{/repo}","subscriptions_url":"https://api.github.com/users/ayushmansahu601/subscriptions","organizations_url":"https://api.github.com/users/ayushmansahu601/orgs","repos_url":"https://api.github.com/users/ayushmansahu601/repos","events_url":"https://api.github.com/users/ayushmansahu601/events{/privacy}","received_events_url":"https://api.github.com/users/ayushmansahu601/received_events","type":"User","user_view_type":"private","site_admin":false,"name":null,"company":null,"blog":"","location":null,"email":null,"hireable":null,"bio":null,"twitter_username":null,"notification_email":null,"public_repos":2,"public_gists":0,"followers":0,"following":0,"created_at":"2023-01-14T16:31:42Z","updated_at":"2025-01-16T08:48:37Z","private_gists":0,"total_private_repos":3,"owned_private_repos":3,"disk_usage":10637,"collaborators":0,"two_factor_authentication":false,"plan":{"name":"free","space":976562499,"collaborators":0,"private_repos":10000}}
[info] 
[info] +  Success! Logged into GitHub as ayushmansahu601 
[info] 
